<?xml version="1.0" encoding="UTF-8" ?>
<testsuite tests="9" failures="0" name="SemanticAnalyserTest" time="0.009" errors="0" skipped="0">
  <properties>
[...]
</properties>
  <testcase classname="SemanticAnalyserTest" name="validateNonsignalling" time="0"/>
  <testcase classname="SemanticAnalyserTest" name="validateSmallerRowSumTest" time="0"/>
  <testcase classname="SemanticAnalyserTest" name="allIsWellTest" time="0.001"/>
  <testcase classname="SemanticAnalyserTest" name="validateLowerValuesTest" time="0"/>
  <testcase classname="SemanticAnalyserTest" name="validateSmallerRowLengthsTest" time="0.001"/>
  <testcase classname="SemanticAnalyserTest" name="validateHigherValuesTest" time="0"/>
  <testcase classname="SemanticAnalyserTest" name="validateGreaterRowLengthsTest" time="0"/>
  <testcase classname="SemanticAnalyserTest" name="validateSignalling" time="0.002"/>
  <testcase classname="SemanticAnalyserTest" name="validateGreaterRowSumTest" time="0"/>
</testsuite>